<?xml version="1.0" encoding="UTF-8"?>
<!-- Generated by org.testng.reporters.JUnitReportReporter -->
<testsuite hostname="AnkitShaw" name="eerbied.TC_01" tests="1" failures="0" timestamp="28 Feb 2020 11:47:47 GMT" time="10.826" errors="0">
  <testcase name="testOne" time="10.826" classname="eerbied.TC_01"/>
</testsuite> <!-- eerbied.TC_01 -->
